<?xml version="1.0" encoding="UTF-8"?>
<!-- Generated by org.testng.reporters.JUnitXMLReporter -->
<testsuite ignored="0" hostname="DESKTOP-JKMLIMQ" failures="0" tests="3" name="Google" time="12.344" errors="0" timestamp="2023-10-17T21:02:55 IST">
  <testcase classname="testScripts.GoogleTest" name="test_theLogo" time="0.443"/>
  <testcase classname="testScripts.GoogleTest" name="test_the_SearchTextBox" time="0.26"/>
  <testcase classname="testScripts.GoogleTest" name="title_url" time="0.087"/>
</testsuite> <!-- Google -->
