<?xml version="1.0" encoding="UTF-8"?>
<!-- Generated by org.testng.reporters.JUnitXMLReporter -->
<testsuite ignored="0" hostname="DESKTOP-JKMLIMQ" failures="0" tests="3" name="Stackoverflow" time="8.397" errors="0" timestamp="2023-10-17T21:03:03 IST">
  <testcase classname="testScripts.StackOverFlow_Test$Stack_Overflow" name="Stackoverflow_logo" time="0.403"/>
  <testcase classname="testScripts.StackOverFlow_Test$Stack_Overflow" name="stackoverflow_subtabs" time="1.258"/>
  <testcase classname="testScripts.StackOverFlow_Test$Stack_Overflow" name="test_Products" time="0.003"/>
</testsuite> <!-- Stackoverflow -->
