<?xml version="1.0" encoding="UTF-8"?>
<!-- Generated by org.testng.reporters.JUnitXMLReporter -->
<testsuite ignored="0" hostname="DESKTOP-JKMLIMQ" failures="0" tests="3" name="W3School" time="45.363" errors="0" timestamp="2023-10-17T21:03:28 IST">
  <testcase classname="testScripts.W3School_Test" name="test_theLogo" time="0.046"/>
  <testcase classname="testScripts.W3School_Test" name="test_the_SearchTextBox" time="0.045"/>
  <testcase classname="testScripts.W3School_Test" name="title_url" time="0.016"/>
</testsuite> <!-- W3School -->
