<?xml version="1.0" encoding="UTF-8"?>
<!-- Generated by org.testng.reporters.JUnitXMLReporter -->
<testsuite ignored="0" hostname="DESKTOP-JKMLIMQ" failures="0" tests="9" name="Surefire test" time="11.781" errors="0" timestamp="2023-10-17T22:57:26 IST">
  <testcase classname="testScripts.GoogleTest" name="test_theLogo" time="0.107"/>
  <testcase classname="testScripts.GoogleTest" name="test_the_SearchTextBox" time="0.078"/>
  <testcase classname="testScripts.GoogleTest" name="title_url" time="0.051"/>
  <testcase classname="testScripts.StackOverFlow_Test$Stack_Overflow" name="Stackoverflow_logo" time="0.088"/>
  <testcase classname="testScripts.StackOverFlow_Test$Stack_Overflow" name="stackoverflow_subtabs" time="0.502"/>
  <testcase classname="testScripts.StackOverFlow_Test$Stack_Overflow" name="test_Products" time="0.003"/>
  <testcase classname="testScripts.W3School_Test" name="test_theLogo" time="0.052"/>
  <testcase classname="testScripts.W3School_Test" name="test_the_SearchTextBox" time="0.034"/>
  <testcase classname="testScripts.W3School_Test" name="title_url" time="0.014"/>
</testsuite> <!-- Surefire test -->
