<?xml version="1.0" encoding="UTF-8"?>
<!-- Generated by org.testng.reporters.JUnitXMLReporter -->
<testsuite ignored="0" hostname="DESKTOP-JKMLIMQ" failures="0" tests="5" name="Herokuapp" time="8.525" errors="0" timestamp="2023-10-12T04:00:21 IST">
  <testcase classname="testing.TC_03" name="authentication_testing" time="0.729"/>
  <testcase classname="testing.TC_03" name="checkbox_testing" time="0.781"/>
  <testcase classname="testing.TC_03" name="dropdown_testing" time="0.504"/>
  <testcase classname="testing.TC_03" name="hover_testing" time="0.708"/>
  <testcase classname="testing.TC_03" name="webalert_testing" time="0.451"/>
</testsuite> <!-- Herokuapp -->
