<?xml version="1.0" encoding="UTF-8"?>
<!-- Generated by org.testng.reporters.JUnitXMLReporter -->
<testsuite ignored="0" hostname="DESKTOP-JKMLIMQ" failures="0" tests="3" name="Contact us" time="7.605" errors="0" timestamp="2023-10-17T22:51:05 IST">
  <testcase classname="testing.TC_04" name="test_Contact_us_2" time="1.47"/>
  <testcase classname="testing.TC_04" name="test_homepage_1" time="0.622"/>
  <testcase classname="testing.TC_04" name="testing_3" time="0.004"/>
</testsuite> <!-- Contact us -->
