<?xml version="1.0" encoding="UTF-8"?>
<!-- Generated by org.testng.reporters.JUnitXMLReporter -->
<testsuite ignored="0" hostname="DESKTOP-JKMLIMQ" failures="0" tests="3" name="Contact us" time="7.78" errors="0" timestamp="2023-10-17T21:51:34 IST">
  <testcase classname="testing.TC_04" name="test_Contact_us_2" time="1.597"/>
  <testcase classname="testing.TC_04" name="test_homepage_1" time="0.797"/>
  <testcase classname="testing.TC_04" name="testing_3" time="0.003"/>
</testsuite> <!-- Contact us -->
