<?xml version="1.0" encoding="UTF-8"?>
<!-- Generated by org.testng.reporters.JUnitXMLReporter -->
<testsuite ignored="2" hostname="DESKTOP-JKMLIMQ" failures="0" tests="2" name="group testing" time="0.045" errors="0" timestamp="2023-10-12T07:50:21 IST">
  <testcase classname="testing.Groups_Learning_TC_6" name="homepage_validation" time="0.007"/>
  <testcase classname="testing.Groups_Learning_TC_6" name="signin_validation" time="0.009"/>
  <testcase classname="testing.Groups_Learning_TC_6" name="cartpage_validation" time="0.0">
    <ignored/>
  </testcase> <!-- cartpage_validation -->
  <testcase classname="testing.Groups_Learning_TC_6" name="signup_validation" time="0.0">
    <ignored/>
  </testcase> <!-- signup_validation -->
</testsuite> <!-- group testing -->
