<?xml version="1.0" encoding="UTF-8"?>
<!-- Generated by org.testng.reporters.JUnitXMLReporter -->
<testsuite ignored="0" hostname="DESKTOP-JKMLIMQ" failures="0" tests="4" name="priority testing" time="0.342" errors="0" timestamp="2023-10-12T07:50:21 IST">
  <testcase classname="testing.Priority_Learning_TC_05" name="signup_validation" time="0.074"/>
  <testcase classname="testing.Priority_Learning_TC_05" name="signin_validation" time="0.01"/>
  <testcase classname="testing.Priority_Learning_TC_05" name="homepage_validation" time="0.007"/>
  <testcase classname="testing.Priority_Learning_TC_05" name="cartpage_validation" time="0.008"/>
</testsuite> <!-- priority testing -->
